<?xml version="1.0" encoding="UTF-8"?>
<!-- Generated by org.testng.reporters.JUnitReportReporter -->
<testsuite hostname="DESKTOP-IV7PH3J" name="RestAssuredTestCases.assignment_TestCases" tests="1" failures="0" timestamp="23 Jun 2021 17:56:42 GMT" time="3.889" errors="0">
  <testcase name="soapexample" time="3.889" classname="RestAssuredTestCases.assignment_TestCases"/>
</testsuite> <!-- RestAssuredTestCases.assignment_TestCases -->
