<?xml version="1.0" encoding="UTF-8"?>
<!-- Generated by org.testng.reporters.JUnitReportReporter -->
<testsuite hostname="DESKTOP-IV7PH3J" name="RestAssuredTestCases.RestAssuredBasics" tests="4" failures="0" timestamp="21 Jun 2021 05:27:47 GMT" time="4.560" errors="0">
  <testcase name="datasourceexample" time="0.036" classname="RestAssuredTestCases.RestAssuredBasics"/>
  <testcase name="datasourceexample" time="0.032" classname="RestAssuredTestCases.RestAssuredBasics"/>
  <testcase name="datasourceexample" time="4.461" classname="RestAssuredTestCases.RestAssuredBasics"/>
  <testcase name="datasourceexample" time="0.031" classname="RestAssuredTestCases.RestAssuredBasics"/>
</testsuite> <!-- RestAssuredTestCases.RestAssuredBasics -->
